2024-05-03 00:15:26,893:WARNING:
'cuml' is a soft dependency and not included in the pycaret installation. Please run: `pip install cuml` to install.
2024-05-03 00:15:26,893:WARNING:
'cuml' is a soft dependency and not included in the pycaret installation. Please run: `pip install cuml` to install.
2024-05-03 00:15:26,893:WARNING:
'cuml' is a soft dependency and not included in the pycaret installation. Please run: `pip install cuml` to install.
2024-05-03 00:15:26,893:WARNING:
'cuml' is a soft dependency and not included in the pycaret installation. Please run: `pip install cuml` to install.
2024-05-03 00:15:28,495:INFO:PyCaret ClassificationExperiment
2024-05-03 00:15:28,495:INFO:Logging name: clf-default-name
2024-05-03 00:15:28,495:INFO:ML Usecase: MLUsecase.CLASSIFICATION
2024-05-03 00:15:28,495:INFO:version 3.3.2
2024-05-03 00:15:28,495:INFO:Initializing setup()
2024-05-03 00:15:28,495:INFO:self.USI: 531d
2024-05-03 00:15:28,495:INFO:self._variable_keys: {'gpu_n_jobs_param', 'n_jobs_param', 'y_test', 'y', 'target_param', 'exp_id', 'USI', 'seed', 'is_multiclass', 'logging_param', 'data', 'fold_shuffle_param', 'y_train', '_ml_usecase', 'X', 'html_param', 'gpu_param', 'memory', 'fix_imbalance', 'log_plots_param', 'pipeline', 'idx', '_available_plots', 'fold_generator', 'exp_name_log', 'X_test', 'X_train', 'fold_groups_param'}
2024-05-03 00:15:28,495:INFO:Checking environment
2024-05-03 00:15:28,495:INFO:python_version: 3.10.11
2024-05-03 00:15:28,495:INFO:python_build: ('tags/v3.10.11:7d4cc5a', 'Apr  5 2023 00:38:17')
2024-05-03 00:15:28,495:INFO:machine: AMD64
2024-05-03 00:15:28,511:INFO:platform: Windows-10-10.0.22631-SP0
2024-05-03 00:15:28,517:INFO:Memory: svmem(total=8302092288, available=740913152, percent=91.1, used=7561179136, free=740913152)
2024-05-03 00:15:28,517:INFO:Physical Core: 12
2024-05-03 00:15:28,517:INFO:Logical Core: 16
2024-05-03 00:15:28,517:INFO:Checking libraries
2024-05-03 00:15:28,517:INFO:System:
2024-05-03 00:15:28,517:INFO:    python: 3.10.11 (tags/v3.10.11:7d4cc5a, Apr  5 2023, 00:38:17) [MSC v.1929 64 bit (AMD64)]
2024-05-03 00:15:28,517:INFO:executable: C:\Users\seyzu\AppData\Local\Programs\Python\Python310\python.exe
2024-05-03 00:15:28,517:INFO:   machine: Windows-10-10.0.22631-SP0
2024-05-03 00:15:28,517:INFO:PyCaret required dependencies:
2024-05-03 00:15:29,423:INFO:                 pip: 24.0
2024-05-03 00:15:29,423:INFO:          setuptools: 65.5.0
2024-05-03 00:15:29,423:INFO:             pycaret: 3.3.2
2024-05-03 00:15:29,423:INFO:             IPython: 8.24.0
2024-05-03 00:15:29,423:INFO:          ipywidgets: 8.1.2
2024-05-03 00:15:29,423:INFO:                tqdm: 4.66.2
2024-05-03 00:15:29,423:INFO:               numpy: 1.26.4
2024-05-03 00:15:29,423:INFO:              pandas: 2.1.4
2024-05-03 00:15:29,423:INFO:              jinja2: 3.1.3
2024-05-03 00:15:29,423:INFO:               scipy: 1.11.4
2024-05-03 00:15:29,423:INFO:              joblib: 1.3.2
2024-05-03 00:15:29,423:INFO:             sklearn: 1.4.2
2024-05-03 00:15:29,423:INFO:                pyod: 1.1.3
2024-05-03 00:15:29,423:INFO:            imblearn: 0.12.2
2024-05-03 00:15:29,423:INFO:   category_encoders: 2.6.3
2024-05-03 00:15:29,423:INFO:            lightgbm: 4.3.0
2024-05-03 00:15:29,423:INFO:               numba: 0.59.1
2024-05-03 00:15:29,423:INFO:            requests: 2.31.0
2024-05-03 00:15:29,423:INFO:          matplotlib: 3.7.5
2024-05-03 00:15:29,423:INFO:          scikitplot: 0.3.7
2024-05-03 00:15:29,423:INFO:         yellowbrick: 1.5
2024-05-03 00:15:29,423:INFO:              plotly: 5.21.0
2024-05-03 00:15:29,423:INFO:    plotly-resampler: Not installed
2024-05-03 00:15:29,423:INFO:             kaleido: 0.2.1
2024-05-03 00:15:29,423:INFO:           schemdraw: 0.15
2024-05-03 00:15:29,423:INFO:         statsmodels: 0.14.2
2024-05-03 00:15:29,423:INFO:              sktime: 0.26.0
2024-05-03 00:15:29,423:INFO:               tbats: 1.1.3
2024-05-03 00:15:29,423:INFO:            pmdarima: 2.0.4
2024-05-03 00:15:29,423:INFO:              psutil: 5.9.8
2024-05-03 00:15:29,423:INFO:          markupsafe: 2.1.5
2024-05-03 00:15:29,423:INFO:             pickle5: Not installed
2024-05-03 00:15:29,423:INFO:         cloudpickle: 3.0.0
2024-05-03 00:15:29,423:INFO:         deprecation: 2.1.0
2024-05-03 00:15:29,423:INFO:              xxhash: 3.4.1
2024-05-03 00:15:29,425:INFO:           wurlitzer: Not installed
2024-05-03 00:15:29,425:INFO:PyCaret optional dependencies:
2024-05-03 00:15:31,172:INFO:                shap: 0.44.1
2024-05-03 00:15:31,172:INFO:           interpret: 0.6.1
2024-05-03 00:15:31,172:INFO:                umap: 0.5.6
2024-05-03 00:15:31,172:INFO:     ydata_profiling: 4.7.0
2024-05-03 00:15:31,172:INFO:  explainerdashboard: 0.4.7
2024-05-03 00:15:31,172:INFO:             autoviz: Not installed
2024-05-03 00:15:31,172:INFO:           fairlearn: 0.7.0
2024-05-03 00:15:31,172:INFO:          deepchecks: Not installed
2024-05-03 00:15:31,172:INFO:             xgboost: 2.0.3
2024-05-03 00:15:31,172:INFO:            catboost: 1.2.5
2024-05-03 00:15:31,172:INFO:              kmodes: 0.12.2
2024-05-03 00:15:31,172:INFO:             mlxtend: 0.23.1
2024-05-03 00:15:31,172:INFO:       statsforecast: 1.5.0
2024-05-03 00:15:31,172:INFO:        tune_sklearn: Not installed
2024-05-03 00:15:31,172:INFO:                 ray: Not installed
2024-05-03 00:15:31,172:INFO:            hyperopt: 0.2.7
2024-05-03 00:15:31,172:INFO:              optuna: 3.6.1
2024-05-03 00:15:31,172:INFO:               skopt: 0.10.1
2024-05-03 00:15:31,172:INFO:              mlflow: 2.12.1
2024-05-03 00:15:31,172:INFO:              gradio: 4.28.3
2024-05-03 00:15:31,172:INFO:             fastapi: 0.110.3
2024-05-03 00:15:31,172:INFO:             uvicorn: 0.29.0
2024-05-03 00:15:31,172:INFO:              m2cgen: 0.10.0
2024-05-03 00:15:31,172:INFO:           evidently: 0.4.19
2024-05-03 00:15:31,172:INFO:               fugue: 0.8.7
2024-05-03 00:15:31,172:INFO:           streamlit: Not installed
2024-05-03 00:15:31,172:INFO:             prophet: Not installed
2024-05-03 00:15:31,172:INFO:None
2024-05-03 00:15:31,172:INFO:Set up data.
2024-05-28 23:05:54,139:WARNING:
'cuml' is a soft dependency and not included in the pycaret installation. Please run: `pip install cuml` to install.
2024-05-28 23:05:54,139:WARNING:
'cuml' is a soft dependency and not included in the pycaret installation. Please run: `pip install cuml` to install.
2024-05-28 23:05:54,139:WARNING:
'cuml' is a soft dependency and not included in the pycaret installation. Please run: `pip install cuml` to install.
2024-05-28 23:05:54,139:WARNING:
'cuml' is a soft dependency and not included in the pycaret installation. Please run: `pip install cuml` to install.
2024-05-29 01:05:58,184:WARNING:
'cuml' is a soft dependency and not included in the pycaret installation. Please run: `pip install cuml` to install.
2024-05-29 01:05:58,184:WARNING:
'cuml' is a soft dependency and not included in the pycaret installation. Please run: `pip install cuml` to install.
2024-05-29 01:05:58,184:WARNING:
'cuml' is a soft dependency and not included in the pycaret installation. Please run: `pip install cuml` to install.
2024-05-29 01:05:58,184:WARNING:
'cuml' is a soft dependency and not included in the pycaret installation. Please run: `pip install cuml` to install.
2024-05-29 01:06:00,555:INFO:Initializing load_model()
2024-05-29 01:06:00,562:INFO:load_model(model_name=my_best_pipeline, platform=None, authentication=None, verbose=True)
2024-05-29 01:07:29,298:WARNING:
'cuml' is a soft dependency and not included in the pycaret installation. Please run: `pip install cuml` to install.
2024-05-29 01:07:29,298:WARNING:
'cuml' is a soft dependency and not included in the pycaret installation. Please run: `pip install cuml` to install.
2024-05-29 01:07:29,298:WARNING:
'cuml' is a soft dependency and not included in the pycaret installation. Please run: `pip install cuml` to install.
2024-05-29 01:07:29,298:WARNING:
'cuml' is a soft dependency and not included in the pycaret installation. Please run: `pip install cuml` to install.
2024-05-29 01:07:41,035:INFO:Initializing load_model()
2024-05-29 01:07:41,036:INFO:load_model(model_name=pycaret/my_best_pipeline, platform=None, authentication=None, verbose=True)
2024-05-29 01:07:47,272:WARNING:
'cuml' is a soft dependency and not included in the pycaret installation. Please run: `pip install cuml` to install.
2024-05-29 01:07:47,272:WARNING:
'cuml' is a soft dependency and not included in the pycaret installation. Please run: `pip install cuml` to install.
2024-05-29 01:07:47,272:WARNING:
'cuml' is a soft dependency and not included in the pycaret installation. Please run: `pip install cuml` to install.
2024-05-29 01:07:47,272:WARNING:
'cuml' is a soft dependency and not included in the pycaret installation. Please run: `pip install cuml` to install.
2024-05-29 01:07:55,806:INFO:Initializing load_model()
2024-05-29 01:07:55,806:INFO:load_model(model_name=pycaret/my_best_pipeline, platform=None, authentication=None, verbose=True)
2024-05-29 01:08:52,956:INFO:Initializing predict_model()
2024-05-29 01:08:52,956:INFO:predict_model(self=<pycaret.classification.oop.ClassificationExperiment object at 0x000002181E22A830>, estimator=Pipeline(memory=Memory(location=None),
         steps=[('label_encoding',
                 TransformerWrapperWithInverse(transformer=LabelEncoder())),
                ('numerical_imputer',
                 TransformerWrapper(include=['Jsc', 'Voc', 'FF', 'Efficiency',
                                             'Sr', 'Sp', 'Temp'],
                                    transformer=SimpleImputer())),
                ('categorical_imputer',
                 TransformerWrapper(include=[],
                                    transformer=SimpleImputer(strategy='most_frequent'))),
                ('trained_model',
                 ExtraTreesClassifier(n_jobs=-1, random_state=123))]), probability_threshold=None, encoded_labels=False, raw_score=False, round=4, verbose=True, ml_usecase=None, preprocess=True, encode_labels=<function _SupervisedExperiment.predict_model.<locals>.encode_labels at 0x000002181E247010>)
2024-05-29 01:08:52,956:INFO:Checking exceptions
2024-05-29 01:08:52,956:INFO:Preloading libraries
2024-05-29 01:08:52,973:INFO:Set up data.
2024-05-29 01:08:52,980:INFO:Set up index.
2024-05-29 01:11:15,993:WARNING:
'cuml' is a soft dependency and not included in the pycaret installation. Please run: `pip install cuml` to install.
2024-05-29 01:11:15,993:WARNING:
'cuml' is a soft dependency and not included in the pycaret installation. Please run: `pip install cuml` to install.
2024-05-29 01:11:15,993:WARNING:
'cuml' is a soft dependency and not included in the pycaret installation. Please run: `pip install cuml` to install.
2024-05-29 01:11:15,993:WARNING:
'cuml' is a soft dependency and not included in the pycaret installation. Please run: `pip install cuml` to install.
2024-05-29 01:11:32,200:INFO:Initializing load_model()
2024-05-29 01:11:32,200:INFO:load_model(model_name=pycaret/my_best_pipeline, platform=None, authentication=None, verbose=True)
2024-05-29 01:11:44,384:INFO:Initializing predict_model()
2024-05-29 01:11:44,384:INFO:predict_model(self=<pycaret.classification.oop.ClassificationExperiment object at 0x00000258671AF220>, estimator=Pipeline(memory=Memory(location=None),
         steps=[('label_encoding',
                 TransformerWrapperWithInverse(transformer=LabelEncoder())),
                ('numerical_imputer',
                 TransformerWrapper(include=['Jsc', 'Voc', 'FF', 'Efficiency',
                                             'Sr', 'Sp', 'Temp'],
                                    transformer=SimpleImputer())),
                ('categorical_imputer',
                 TransformerWrapper(include=[],
                                    transformer=SimpleImputer(strategy='most_frequent'))),
                ('trained_model',
                 ExtraTreesClassifier(n_jobs=-1, random_state=123))]), probability_threshold=None, encoded_labels=False, raw_score=False, round=4, verbose=True, ml_usecase=None, preprocess=True, encode_labels=<function _SupervisedExperiment.predict_model.<locals>.encode_labels at 0x00000258671CEDD0>)
2024-05-29 01:11:44,384:INFO:Checking exceptions
2024-05-29 01:11:44,384:INFO:Preloading libraries
2024-05-29 01:11:44,385:INFO:Set up data.
2024-05-29 01:11:44,394:INFO:Set up index.
2024-05-29 01:12:14,616:INFO:Initializing predict_model()
2024-05-29 01:12:14,617:INFO:predict_model(self=<pycaret.classification.oop.ClassificationExperiment object at 0x0000025865B45AE0>, estimator=Pipeline(memory=Memory(location=None),
         steps=[('label_encoding',
                 TransformerWrapperWithInverse(transformer=LabelEncoder())),
                ('numerical_imputer',
                 TransformerWrapper(include=['Jsc', 'Voc', 'FF', 'Efficiency',
                                             'Sr', 'Sp', 'Temp'],
                                    transformer=SimpleImputer())),
                ('categorical_imputer',
                 TransformerWrapper(include=[],
                                    transformer=SimpleImputer(strategy='most_frequent'))),
                ('trained_model',
                 ExtraTreesClassifier(n_jobs=-1, random_state=123))]), probability_threshold=None, encoded_labels=False, raw_score=False, round=4, verbose=True, ml_usecase=None, preprocess=True, encode_labels=<function _SupervisedExperiment.predict_model.<locals>.encode_labels at 0x0000025865B8E320>)
2024-05-29 01:12:14,617:INFO:Checking exceptions
2024-05-29 01:12:14,617:INFO:Preloading libraries
2024-05-29 01:12:14,617:INFO:Set up data.
2024-05-29 01:12:14,622:INFO:Set up index.
2024-05-29 01:13:08,532:WARNING:
'cuml' is a soft dependency and not included in the pycaret installation. Please run: `pip install cuml` to install.
2024-05-29 01:13:08,532:WARNING:
'cuml' is a soft dependency and not included in the pycaret installation. Please run: `pip install cuml` to install.
2024-05-29 01:13:08,532:WARNING:
'cuml' is a soft dependency and not included in the pycaret installation. Please run: `pip install cuml` to install.
2024-05-29 01:13:08,532:WARNING:
'cuml' is a soft dependency and not included in the pycaret installation. Please run: `pip install cuml` to install.
2024-05-29 01:13:10,948:INFO:Initializing load_model()
2024-05-29 01:13:10,948:INFO:load_model(model_name=pycaret/my_best_pipeline, platform=None, authentication=None, verbose=True)
2024-05-29 01:13:32,480:WARNING:
'cuml' is a soft dependency and not included in the pycaret installation. Please run: `pip install cuml` to install.
2024-05-29 01:13:32,480:WARNING:
'cuml' is a soft dependency and not included in the pycaret installation. Please run: `pip install cuml` to install.
2024-05-29 01:13:32,481:WARNING:
'cuml' is a soft dependency and not included in the pycaret installation. Please run: `pip install cuml` to install.
2024-05-29 01:13:32,481:WARNING:
'cuml' is a soft dependency and not included in the pycaret installation. Please run: `pip install cuml` to install.
2024-05-29 01:13:35,878:INFO:Initializing load_model()
2024-05-29 01:13:35,878:INFO:load_model(model_name=pycaret/my_best_pipeline, platform=None, authentication=None, verbose=True)
2024-05-29 01:14:05,029:INFO:Initializing predict_model()
2024-05-29 01:14:05,029:INFO:predict_model(self=<pycaret.classification.oop.ClassificationExperiment object at 0x000001972860BCA0>, estimator=Pipeline(memory=Memory(location=None),
         steps=[('label_encoding',
                 TransformerWrapperWithInverse(transformer=LabelEncoder())),
                ('numerical_imputer',
                 TransformerWrapper(include=['Jsc', 'Voc', 'FF', 'Efficiency',
                                             'Sr', 'Sp', 'Temp'],
                                    transformer=SimpleImputer())),
                ('categorical_imputer',
                 TransformerWrapper(include=[],
                                    transformer=SimpleImputer(strategy='most_frequent'))),
                ('trained_model',
                 ExtraTreesClassifier(n_jobs=-1, random_state=123))]), probability_threshold=None, encoded_labels=False, raw_score=False, round=4, verbose=True, ml_usecase=None, preprocess=True, encode_labels=<function _SupervisedExperiment.predict_model.<locals>.encode_labels at 0x00000197271FB5B0>)
2024-05-29 01:14:05,044:INFO:Checking exceptions
2024-05-29 01:14:05,044:INFO:Preloading libraries
2024-05-29 01:14:05,045:INFO:Set up data.
2024-05-29 01:14:05,053:INFO:Set up index.
2024-05-29 01:17:24,097:WARNING:
'cuml' is a soft dependency and not included in the pycaret installation. Please run: `pip install cuml` to install.
2024-05-29 01:17:24,097:WARNING:
'cuml' is a soft dependency and not included in the pycaret installation. Please run: `pip install cuml` to install.
2024-05-29 01:17:24,097:WARNING:
'cuml' is a soft dependency and not included in the pycaret installation. Please run: `pip install cuml` to install.
2024-05-29 01:17:24,098:WARNING:
'cuml' is a soft dependency and not included in the pycaret installation. Please run: `pip install cuml` to install.
2024-05-29 01:17:26,501:INFO:Initializing load_model()
2024-05-29 01:17:26,501:INFO:load_model(model_name=pycaret/my_best_pipeline, platform=None, authentication=None, verbose=True)
2024-05-29 01:17:32,300:WARNING:
'cuml' is a soft dependency and not included in the pycaret installation. Please run: `pip install cuml` to install.
2024-05-29 01:17:32,301:WARNING:
'cuml' is a soft dependency and not included in the pycaret installation. Please run: `pip install cuml` to install.
2024-05-29 01:17:32,301:WARNING:
'cuml' is a soft dependency and not included in the pycaret installation. Please run: `pip install cuml` to install.
2024-05-29 01:17:32,301:WARNING:
'cuml' is a soft dependency and not included in the pycaret installation. Please run: `pip install cuml` to install.
2024-05-29 01:17:34,631:INFO:Initializing load_model()
2024-05-29 01:17:34,631:INFO:load_model(model_name=pycaret/my_best_pipeline, platform=None, authentication=None, verbose=True)
2024-05-29 01:18:17,905:INFO:Initializing predict_model()
2024-05-29 01:18:17,905:INFO:predict_model(self=<pycaret.classification.oop.ClassificationExperiment object at 0x0000025FD81D70D0>, estimator=Pipeline(memory=Memory(location=None),
         steps=[('label_encoding',
                 TransformerWrapperWithInverse(transformer=LabelEncoder())),
                ('numerical_imputer',
                 TransformerWrapper(include=['Jsc', 'Voc', 'FF', 'Efficiency',
                                             'Sr', 'Sp', 'Temp'],
                                    transformer=SimpleImputer())),
                ('categorical_imputer',
                 TransformerWrapper(include=[],
                                    transformer=SimpleImputer(strategy='most_frequent'))),
                ('trained_model',
                 ExtraTreesClassifier(n_jobs=-1, random_state=123))]), probability_threshold=None, encoded_labels=False, raw_score=False, round=4, verbose=True, ml_usecase=None, preprocess=True, encode_labels=<function _SupervisedExperiment.predict_model.<locals>.encode_labels at 0x0000025FD6DC7490>)
2024-05-29 01:18:17,905:INFO:Checking exceptions
2024-05-29 01:18:17,905:INFO:Preloading libraries
2024-05-29 01:18:17,905:INFO:Set up data.
2024-05-29 01:18:17,926:INFO:Set up index.
2024-05-29 01:19:14,625:WARNING:
'cuml' is a soft dependency and not included in the pycaret installation. Please run: `pip install cuml` to install.
2024-05-29 01:19:14,625:WARNING:
'cuml' is a soft dependency and not included in the pycaret installation. Please run: `pip install cuml` to install.
2024-05-29 01:19:14,625:WARNING:
'cuml' is a soft dependency and not included in the pycaret installation. Please run: `pip install cuml` to install.
2024-05-29 01:19:14,625:WARNING:
'cuml' is a soft dependency and not included in the pycaret installation. Please run: `pip install cuml` to install.
2024-05-29 01:19:16,936:INFO:Initializing load_model()
2024-05-29 01:19:16,936:INFO:load_model(model_name=pycaret/my_best_pipeline, platform=None, authentication=None, verbose=True)
2024-05-29 01:19:49,684:INFO:Initializing predict_model()
2024-05-29 01:19:49,684:INFO:predict_model(self=<pycaret.classification.oop.ClassificationExperiment object at 0x0000024AA37CD210>, estimator=Pipeline(memory=Memory(location=None),
         steps=[('label_encoding',
                 TransformerWrapperWithInverse(transformer=LabelEncoder())),
                ('numerical_imputer',
                 TransformerWrapper(include=['Jsc', 'Voc', 'FF', 'Efficiency',
                                             'Sr', 'Sp', 'Temp'],
                                    transformer=SimpleImputer())),
                ('categorical_imputer',
                 TransformerWrapper(include=[],
                                    transformer=SimpleImputer(strategy='most_frequent'))),
                ('trained_model',
                 ExtraTreesClassifier(n_jobs=-1, random_state=123))]), probability_threshold=None, encoded_labels=False, raw_score=False, round=4, verbose=True, ml_usecase=None, preprocess=True, encode_labels=<function _SupervisedExperiment.predict_model.<locals>.encode_labels at 0x0000024AA379A950>)
2024-05-29 01:19:49,684:INFO:Checking exceptions
2024-05-29 01:19:49,684:INFO:Preloading libraries
2024-05-29 01:19:49,684:INFO:Set up data.
2024-05-29 01:19:49,700:INFO:Set up index.
2024-05-29 01:20:03,053:WARNING:c:\Users\seyzu\project\study-repo\pycaret\app.py:79: FutureWarning: Calling int on a single element Series is deprecated and will raise a TypeError in the future. Use int(ser.iloc[0]) instead
  predicted_class = int(predictions['prediction_label'])

2024-05-29 01:20:22,626:WARNING:
'cuml' is a soft dependency and not included in the pycaret installation. Please run: `pip install cuml` to install.
2024-05-29 01:20:22,626:WARNING:
'cuml' is a soft dependency and not included in the pycaret installation. Please run: `pip install cuml` to install.
2024-05-29 01:20:22,626:WARNING:
'cuml' is a soft dependency and not included in the pycaret installation. Please run: `pip install cuml` to install.
2024-05-29 01:20:22,626:WARNING:
'cuml' is a soft dependency and not included in the pycaret installation. Please run: `pip install cuml` to install.
2024-05-29 01:20:25,335:INFO:Initializing load_model()
2024-05-29 01:20:25,335:INFO:load_model(model_name=pycaret/my_best_pipeline, platform=None, authentication=None, verbose=True)
2024-05-29 01:20:34,606:INFO:Initializing predict_model()
2024-05-29 01:20:34,606:INFO:predict_model(self=<pycaret.classification.oop.ClassificationExperiment object at 0x0000020AE52405E0>, estimator=Pipeline(memory=Memory(location=None),
         steps=[('label_encoding',
                 TransformerWrapperWithInverse(transformer=LabelEncoder())),
                ('numerical_imputer',
                 TransformerWrapper(include=['Jsc', 'Voc', 'FF', 'Efficiency',
                                             'Sr', 'Sp', 'Temp'],
                                    transformer=SimpleImputer())),
                ('categorical_imputer',
                 TransformerWrapper(include=[],
                                    transformer=SimpleImputer(strategy='most_frequent'))),
                ('trained_model',
                 ExtraTreesClassifier(n_jobs=-1, random_state=123))]), probability_threshold=None, encoded_labels=False, raw_score=False, round=4, verbose=True, ml_usecase=None, preprocess=True, encode_labels=<function _SupervisedExperiment.predict_model.<locals>.encode_labels at 0x0000020AE3D97640>)
2024-05-29 01:20:34,606:INFO:Checking exceptions
2024-05-29 01:20:34,606:INFO:Preloading libraries
2024-05-29 01:20:34,609:INFO:Set up data.
2024-05-29 01:20:34,616:INFO:Set up index.
2024-05-29 01:20:51,704:WARNING:c:\Users\seyzu\project\study-repo\pycaret\app.py:79: FutureWarning: Calling int on a single element Series is deprecated and will raise a TypeError in the future. Use int(ser.iloc[0]) instead
  predicted_class = int(predictions['prediction_label'])

2024-05-29 01:21:14,675:INFO:Initializing predict_model()
2024-05-29 01:21:14,675:INFO:predict_model(self=<pycaret.classification.oop.ClassificationExperiment object at 0x0000020AE52E56F0>, estimator=Pipeline(memory=Memory(location=None),
         steps=[('label_encoding',
                 TransformerWrapperWithInverse(transformer=LabelEncoder())),
                ('numerical_imputer',
                 TransformerWrapper(include=['Jsc', 'Voc', 'FF', 'Efficiency',
                                             'Sr', 'Sp', 'Temp'],
                                    transformer=SimpleImputer())),
                ('categorical_imputer',
                 TransformerWrapper(include=[],
                                    transformer=SimpleImputer(strategy='most_frequent'))),
                ('trained_model',
                 ExtraTreesClassifier(n_jobs=-1, random_state=123))]), probability_threshold=None, encoded_labels=False, raw_score=False, round=4, verbose=True, ml_usecase=None, preprocess=True, encode_labels=<function _SupervisedExperiment.predict_model.<locals>.encode_labels at 0x0000020AE53ADC60>)
2024-05-29 01:21:14,675:INFO:Checking exceptions
2024-05-29 01:21:14,675:INFO:Preloading libraries
2024-05-29 01:21:14,676:INFO:Set up data.
2024-05-29 01:21:14,680:INFO:Set up index.
2024-05-29 01:21:19,736:WARNING:c:\Users\seyzu\project\study-repo\pycaret\app.py:79: FutureWarning: Calling int on a single element Series is deprecated and will raise a TypeError in the future. Use int(ser.iloc[0]) instead
  predicted_class = int(predictions['prediction_label'])

2024-05-29 01:23:18,661:WARNING:
'cuml' is a soft dependency and not included in the pycaret installation. Please run: `pip install cuml` to install.
2024-05-29 01:23:18,661:WARNING:
'cuml' is a soft dependency and not included in the pycaret installation. Please run: `pip install cuml` to install.
2024-05-29 01:23:18,661:WARNING:
'cuml' is a soft dependency and not included in the pycaret installation. Please run: `pip install cuml` to install.
2024-05-29 01:23:18,661:WARNING:
'cuml' is a soft dependency and not included in the pycaret installation. Please run: `pip install cuml` to install.
2024-05-29 01:23:21,041:INFO:Initializing load_model()
2024-05-29 01:23:21,041:INFO:load_model(model_name=pycaret/my_best_pipeline, platform=None, authentication=None, verbose=True)
2024-05-29 01:23:25,263:INFO:Initializing predict_model()
2024-05-29 01:23:25,264:INFO:predict_model(self=<pycaret.classification.oop.ClassificationExperiment object at 0x00000261C6317E20>, estimator=Pipeline(memory=Memory(location=None),
         steps=[('label_encoding',
                 TransformerWrapperWithInverse(transformer=LabelEncoder())),
                ('numerical_imputer',
                 TransformerWrapper(include=['Jsc', 'Voc', 'FF', 'Efficiency',
                                             'Sr', 'Sp', 'Temp'],
                                    transformer=SimpleImputer())),
                ('categorical_imputer',
                 TransformerWrapper(include=[],
                                    transformer=SimpleImputer(strategy='most_frequent'))),
                ('trained_model',
                 ExtraTreesClassifier(n_jobs=-1, random_state=123))]), probability_threshold=None, encoded_labels=False, raw_score=False, round=4, verbose=True, ml_usecase=None, preprocess=True, encode_labels=<function _SupervisedExperiment.predict_model.<locals>.encode_labels at 0x00000261C6360790>)
2024-05-29 01:23:25,264:INFO:Checking exceptions
2024-05-29 01:23:25,264:INFO:Preloading libraries
2024-05-29 01:23:25,264:INFO:Set up data.
2024-05-29 01:23:25,270:INFO:Set up index.
2024-05-29 01:27:24,062:WARNING:
'cuml' is a soft dependency and not included in the pycaret installation. Please run: `pip install cuml` to install.
2024-05-29 01:27:24,062:WARNING:
'cuml' is a soft dependency and not included in the pycaret installation. Please run: `pip install cuml` to install.
2024-05-29 01:27:24,062:WARNING:
'cuml' is a soft dependency and not included in the pycaret installation. Please run: `pip install cuml` to install.
2024-05-29 01:27:24,062:WARNING:
'cuml' is a soft dependency and not included in the pycaret installation. Please run: `pip install cuml` to install.
2024-05-29 01:27:26,976:INFO:Initializing load_model()
2024-05-29 01:27:26,976:INFO:load_model(model_name=pycaret/my_best_pipeline, platform=None, authentication=None, verbose=True)
2024-05-29 01:29:44,380:WARNING:
'cuml' is a soft dependency and not included in the pycaret installation. Please run: `pip install cuml` to install.
2024-05-29 01:29:44,380:WARNING:
'cuml' is a soft dependency and not included in the pycaret installation. Please run: `pip install cuml` to install.
2024-05-29 01:29:44,380:WARNING:
'cuml' is a soft dependency and not included in the pycaret installation. Please run: `pip install cuml` to install.
2024-05-29 01:29:44,380:WARNING:
'cuml' is a soft dependency and not included in the pycaret installation. Please run: `pip install cuml` to install.
2024-05-29 01:29:46,685:INFO:Initializing load_model()
2024-05-29 01:29:46,685:INFO:load_model(model_name=pycaret/my_best_pipeline, platform=None, authentication=None, verbose=True)
2024-05-29 01:50:49,867:WARNING:
'cuml' is a soft dependency and not included in the pycaret installation. Please run: `pip install cuml` to install.
2024-05-29 01:50:49,867:WARNING:
'cuml' is a soft dependency and not included in the pycaret installation. Please run: `pip install cuml` to install.
2024-05-29 01:50:49,867:WARNING:
'cuml' is a soft dependency and not included in the pycaret installation. Please run: `pip install cuml` to install.
2024-05-29 01:50:49,867:WARNING:
'cuml' is a soft dependency and not included in the pycaret installation. Please run: `pip install cuml` to install.
2024-05-29 01:50:52,796:INFO:Initializing load_model()
2024-05-29 01:50:52,796:INFO:load_model(model_name=pycaret/my_best_pipeline, platform=None, authentication=None, verbose=True)
2024-05-29 01:51:12,200:WARNING:
'cuml' is a soft dependency and not included in the pycaret installation. Please run: `pip install cuml` to install.
2024-05-29 01:51:12,200:WARNING:
'cuml' is a soft dependency and not included in the pycaret installation. Please run: `pip install cuml` to install.
2024-05-29 01:51:12,200:WARNING:
'cuml' is a soft dependency and not included in the pycaret installation. Please run: `pip install cuml` to install.
2024-05-29 01:51:12,200:WARNING:
'cuml' is a soft dependency and not included in the pycaret installation. Please run: `pip install cuml` to install.
2024-05-29 01:51:14,385:INFO:Initializing load_model()
2024-05-29 01:51:14,387:INFO:load_model(model_name=pycaret/my_best_pipeline, platform=None, authentication=None, verbose=True)
2024-05-29 01:51:20,383:WARNING:
'cuml' is a soft dependency and not included in the pycaret installation. Please run: `pip install cuml` to install.
2024-05-29 01:51:20,383:WARNING:
'cuml' is a soft dependency and not included in the pycaret installation. Please run: `pip install cuml` to install.
2024-05-29 01:51:20,383:WARNING:
'cuml' is a soft dependency and not included in the pycaret installation. Please run: `pip install cuml` to install.
2024-05-29 01:51:20,383:WARNING:
'cuml' is a soft dependency and not included in the pycaret installation. Please run: `pip install cuml` to install.
2024-05-29 01:51:22,937:INFO:Initializing load_model()
2024-05-29 01:51:22,937:INFO:load_model(model_name=pycaret/my_best_pipeline, platform=None, authentication=None, verbose=True)
2024-05-29 01:51:49,217:WARNING:
'cuml' is a soft dependency and not included in the pycaret installation. Please run: `pip install cuml` to install.
2024-05-29 01:51:49,217:WARNING:
'cuml' is a soft dependency and not included in the pycaret installation. Please run: `pip install cuml` to install.
2024-05-29 01:51:49,217:WARNING:
'cuml' is a soft dependency and not included in the pycaret installation. Please run: `pip install cuml` to install.
2024-05-29 01:51:49,217:WARNING:
'cuml' is a soft dependency and not included in the pycaret installation. Please run: `pip install cuml` to install.
2024-05-29 01:51:51,524:INFO:Initializing load_model()
2024-05-29 01:51:51,524:INFO:load_model(model_name=pycaret/my_best_pipeline, platform=None, authentication=None, verbose=True)
2024-05-29 01:56:17,425:WARNING:
'cuml' is a soft dependency and not included in the pycaret installation. Please run: `pip install cuml` to install.
2024-05-29 01:56:17,425:WARNING:
'cuml' is a soft dependency and not included in the pycaret installation. Please run: `pip install cuml` to install.
2024-05-29 01:56:17,425:WARNING:
'cuml' is a soft dependency and not included in the pycaret installation. Please run: `pip install cuml` to install.
2024-05-29 01:56:17,425:WARNING:
'cuml' is a soft dependency and not included in the pycaret installation. Please run: `pip install cuml` to install.
2024-05-29 01:56:19,990:INFO:Initializing load_model()
2024-05-29 01:56:19,990:INFO:load_model(model_name=pycaret/my_best_pipeline, platform=None, authentication=None, verbose=True)
2024-05-29 01:56:37,892:WARNING:
'cuml' is a soft dependency and not included in the pycaret installation. Please run: `pip install cuml` to install.
2024-05-29 01:56:37,892:WARNING:
'cuml' is a soft dependency and not included in the pycaret installation. Please run: `pip install cuml` to install.
2024-05-29 01:56:37,892:WARNING:
'cuml' is a soft dependency and not included in the pycaret installation. Please run: `pip install cuml` to install.
2024-05-29 01:56:37,892:WARNING:
'cuml' is a soft dependency and not included in the pycaret installation. Please run: `pip install cuml` to install.
2024-05-29 01:56:41,110:INFO:Initializing load_model()
2024-05-29 01:56:41,110:INFO:load_model(model_name=pycaret/my_best_pipeline, platform=None, authentication=None, verbose=True)
2024-05-29 01:56:49,617:WARNING:
'cuml' is a soft dependency and not included in the pycaret installation. Please run: `pip install cuml` to install.
2024-05-29 01:56:49,617:WARNING:
'cuml' is a soft dependency and not included in the pycaret installation. Please run: `pip install cuml` to install.
2024-05-29 01:56:49,617:WARNING:
'cuml' is a soft dependency and not included in the pycaret installation. Please run: `pip install cuml` to install.
2024-05-29 01:56:49,617:WARNING:
'cuml' is a soft dependency and not included in the pycaret installation. Please run: `pip install cuml` to install.
2024-05-29 01:56:52,640:INFO:Initializing load_model()
2024-05-29 01:56:52,641:INFO:load_model(model_name=pycaret/my_best_pipeline, platform=None, authentication=None, verbose=True)
2024-05-29 01:57:58,919:INFO:Initializing predict_model()
2024-05-29 01:57:58,919:INFO:predict_model(self=<pycaret.classification.oop.ClassificationExperiment object at 0x000001CFCACAE110>, estimator=Pipeline(memory=Memory(location=None),
         steps=[('label_encoding',
                 TransformerWrapperWithInverse(transformer=LabelEncoder())),
                ('numerical_imputer',
                 TransformerWrapper(include=['Jsc', 'Voc', 'FF', 'Efficiency',
                                             'Sr', 'Sp', 'Temp'],
                                    transformer=SimpleImputer())),
                ('categorical_imputer',
                 TransformerWrapper(include=[],
                                    transformer=SimpleImputer(strategy='most_frequent'))),
                ('trained_model',
                 ExtraTreesClassifier(n_jobs=-1, random_state=123))]), probability_threshold=None, encoded_labels=False, raw_score=False, round=4, verbose=True, ml_usecase=None, preprocess=True, encode_labels=<function _SupervisedExperiment.predict_model.<locals>.encode_labels at 0x000001CFCAC7FEB0>)
2024-05-29 01:57:58,919:INFO:Checking exceptions
2024-05-29 01:57:58,919:INFO:Preloading libraries
2024-05-29 01:57:58,919:INFO:Set up data.
2024-05-29 01:57:58,935:INFO:Set up index.
2024-05-29 01:59:08,594:WARNING:
'cuml' is a soft dependency and not included in the pycaret installation. Please run: `pip install cuml` to install.
2024-05-29 01:59:08,594:WARNING:
'cuml' is a soft dependency and not included in the pycaret installation. Please run: `pip install cuml` to install.
2024-05-29 01:59:08,594:WARNING:
'cuml' is a soft dependency and not included in the pycaret installation. Please run: `pip install cuml` to install.
2024-05-29 01:59:08,594:WARNING:
'cuml' is a soft dependency and not included in the pycaret installation. Please run: `pip install cuml` to install.
2024-05-29 01:59:11,217:INFO:Initializing load_model()
2024-05-29 01:59:11,217:INFO:load_model(model_name=pycaret/my_best_pipeline, platform=None, authentication=None, verbose=True)
2024-05-29 01:59:23,360:WARNING:
'cuml' is a soft dependency and not included in the pycaret installation. Please run: `pip install cuml` to install.
2024-05-29 01:59:23,360:WARNING:
'cuml' is a soft dependency and not included in the pycaret installation. Please run: `pip install cuml` to install.
2024-05-29 01:59:23,360:WARNING:
'cuml' is a soft dependency and not included in the pycaret installation. Please run: `pip install cuml` to install.
2024-05-29 01:59:23,360:WARNING:
'cuml' is a soft dependency and not included in the pycaret installation. Please run: `pip install cuml` to install.
2024-05-29 01:59:26,151:INFO:Initializing load_model()
2024-05-29 01:59:26,151:INFO:load_model(model_name=pycaret/my_best_pipeline, platform=None, authentication=None, verbose=True)
2024-05-29 02:00:34,223:INFO:Initializing predict_model()
2024-05-29 02:00:34,223:INFO:predict_model(self=<pycaret.classification.oop.ClassificationExperiment object at 0x000001D4176F7E50>, estimator=Pipeline(memory=Memory(location=None),
         steps=[('label_encoding',
                 TransformerWrapperWithInverse(transformer=LabelEncoder())),
                ('numerical_imputer',
                 TransformerWrapper(include=['Jsc', 'Voc', 'FF', 'Efficiency',
                                             'Sr', 'Sp', 'Temp'],
                                    transformer=SimpleImputer())),
                ('categorical_imputer',
                 TransformerWrapper(include=[],
                                    transformer=SimpleImputer(strategy='most_frequent'))),
                ('trained_model',
                 ExtraTreesClassifier(n_jobs=-1, random_state=123))]), probability_threshold=None, encoded_labels=False, raw_score=False, round=4, verbose=True, ml_usecase=None, preprocess=True, encode_labels=<function _SupervisedExperiment.predict_model.<locals>.encode_labels at 0x000001D4177408B0>)
2024-05-29 02:00:34,228:INFO:Checking exceptions
2024-05-29 02:00:34,228:INFO:Preloading libraries
2024-05-29 02:00:34,228:INFO:Set up data.
2024-05-29 02:00:34,237:INFO:Set up index.
2024-05-29 02:01:29,615:WARNING:
'cuml' is a soft dependency and not included in the pycaret installation. Please run: `pip install cuml` to install.
2024-05-29 02:01:29,615:WARNING:
'cuml' is a soft dependency and not included in the pycaret installation. Please run: `pip install cuml` to install.
2024-05-29 02:01:29,615:WARNING:
'cuml' is a soft dependency and not included in the pycaret installation. Please run: `pip install cuml` to install.
2024-05-29 02:01:29,615:WARNING:
'cuml' is a soft dependency and not included in the pycaret installation. Please run: `pip install cuml` to install.
2024-05-29 02:01:31,888:INFO:Initializing load_model()
2024-05-29 02:01:31,888:INFO:load_model(model_name=pycaret/my_best_pipeline, platform=None, authentication=None, verbose=True)
2024-05-29 02:01:35,396:INFO:Initializing predict_model()
2024-05-29 02:01:35,397:INFO:predict_model(self=<pycaret.classification.oop.ClassificationExperiment object at 0x0000019E32417DC0>, estimator=Pipeline(memory=Memory(location=None),
         steps=[('label_encoding',
                 TransformerWrapperWithInverse(transformer=LabelEncoder())),
                ('numerical_imputer',
                 TransformerWrapper(include=['Jsc', 'Voc', 'FF', 'Efficiency',
                                             'Sr', 'Sp', 'Temp'],
                                    transformer=SimpleImputer())),
                ('categorical_imputer',
                 TransformerWrapper(include=[],
                                    transformer=SimpleImputer(strategy='most_frequent'))),
                ('trained_model',
                 ExtraTreesClassifier(n_jobs=-1, random_state=123))]), probability_threshold=None, encoded_labels=False, raw_score=False, round=4, verbose=True, ml_usecase=None, preprocess=True, encode_labels=<function _SupervisedExperiment.predict_model.<locals>.encode_labels at 0x0000019E3245CC10>)
2024-05-29 02:01:35,397:INFO:Checking exceptions
2024-05-29 02:01:35,397:INFO:Preloading libraries
2024-05-29 02:01:35,398:INFO:Set up data.
2024-05-29 02:01:35,398:INFO:Set up index.
2024-05-29 02:02:08,712:INFO:Initializing predict_model()
2024-05-29 02:02:08,712:INFO:predict_model(self=<pycaret.classification.oop.ClassificationExperiment object at 0x0000019E32548FA0>, estimator=Pipeline(memory=Memory(location=None),
         steps=[('label_encoding',
                 TransformerWrapperWithInverse(transformer=LabelEncoder())),
                ('numerical_imputer',
                 TransformerWrapper(include=['Jsc', 'Voc', 'FF', 'Efficiency',
                                             'Sr', 'Sp', 'Temp'],
                                    transformer=SimpleImputer())),
                ('categorical_imputer',
                 TransformerWrapper(include=[],
                                    transformer=SimpleImputer(strategy='most_frequent'))),
                ('trained_model',
                 ExtraTreesClassifier(n_jobs=-1, random_state=123))]), probability_threshold=None, encoded_labels=False, raw_score=False, round=4, verbose=True, ml_usecase=None, preprocess=True, encode_labels=<function _SupervisedExperiment.predict_model.<locals>.encode_labels at 0x0000019E3252EB90>)
2024-05-29 02:02:08,712:INFO:Checking exceptions
2024-05-29 02:02:08,712:INFO:Preloading libraries
2024-05-29 02:02:08,714:INFO:Set up data.
2024-05-29 02:02:08,719:INFO:Set up index.
2024-05-29 02:04:58,538:WARNING:
'cuml' is a soft dependency and not included in the pycaret installation. Please run: `pip install cuml` to install.
2024-05-29 02:04:58,538:WARNING:
'cuml' is a soft dependency and not included in the pycaret installation. Please run: `pip install cuml` to install.
2024-05-29 02:04:58,538:WARNING:
'cuml' is a soft dependency and not included in the pycaret installation. Please run: `pip install cuml` to install.
2024-05-29 02:04:58,538:WARNING:
'cuml' is a soft dependency and not included in the pycaret installation. Please run: `pip install cuml` to install.
2024-05-29 02:05:01,041:INFO:Initializing load_model()
2024-05-29 02:05:01,041:INFO:load_model(model_name=pycaret/my_best_pipeline, platform=None, authentication=None, verbose=True)
2024-05-29 02:05:04,632:INFO:Initializing predict_model()
2024-05-29 02:05:04,632:INFO:predict_model(self=<pycaret.classification.oop.ClassificationExperiment object at 0x000001D6E4908A90>, estimator=Pipeline(memory=Memory(location=None),
         steps=[('label_encoding',
                 TransformerWrapperWithInverse(transformer=LabelEncoder())),
                ('numerical_imputer',
                 TransformerWrapper(include=['Jsc', 'Voc', 'FF', 'Efficiency',
                                             'Sr', 'Sp', 'Temp'],
                                    transformer=SimpleImputer())),
                ('categorical_imputer',
                 TransformerWrapper(include=[],
                                    transformer=SimpleImputer(strategy='most_frequent'))),
                ('trained_model',
                 ExtraTreesClassifier(n_jobs=-1, random_state=123))]), probability_threshold=None, encoded_labels=False, raw_score=False, round=4, verbose=True, ml_usecase=None, preprocess=True, encode_labels=<function _SupervisedExperiment.predict_model.<locals>.encode_labels at 0x000001D6E48DC310>)
2024-05-29 02:05:04,632:INFO:Checking exceptions
2024-05-29 02:05:04,632:INFO:Preloading libraries
2024-05-29 02:05:04,633:INFO:Set up data.
2024-05-29 02:05:04,642:INFO:Set up index.
2024-05-29 02:07:53,544:WARNING:
'cuml' is a soft dependency and not included in the pycaret installation. Please run: `pip install cuml` to install.
2024-05-29 02:07:53,544:WARNING:
'cuml' is a soft dependency and not included in the pycaret installation. Please run: `pip install cuml` to install.
2024-05-29 02:07:53,544:WARNING:
'cuml' is a soft dependency and not included in the pycaret installation. Please run: `pip install cuml` to install.
2024-05-29 02:07:53,544:WARNING:
'cuml' is a soft dependency and not included in the pycaret installation. Please run: `pip install cuml` to install.
2024-05-29 02:07:56,224:INFO:Initializing load_model()
2024-05-29 02:07:56,224:INFO:load_model(model_name=pycaret/my_best_pipeline, platform=None, authentication=None, verbose=True)
2024-05-29 02:08:01,133:INFO:Initializing predict_model()
2024-05-29 02:08:01,133:INFO:predict_model(self=<pycaret.classification.oop.ClassificationExperiment object at 0x0000027CEB3707F0>, estimator=Pipeline(memory=Memory(location=None),
         steps=[('label_encoding',
                 TransformerWrapperWithInverse(transformer=LabelEncoder())),
                ('numerical_imputer',
                 TransformerWrapper(include=['Jsc', 'Voc', 'FF', 'Efficiency',
                                             'Sr', 'Sp', 'Temp'],
                                    transformer=SimpleImputer())),
                ('categorical_imputer',
                 TransformerWrapper(include=[],
                                    transformer=SimpleImputer(strategy='most_frequent'))),
                ('trained_model',
                 ExtraTreesClassifier(n_jobs=-1, random_state=123))]), probability_threshold=None, encoded_labels=False, raw_score=False, round=4, verbose=True, ml_usecase=None, preprocess=True, encode_labels=<function _SupervisedExperiment.predict_model.<locals>.encode_labels at 0x0000027CEB33C3A0>)
2024-05-29 02:08:01,133:INFO:Checking exceptions
2024-05-29 02:08:01,133:INFO:Preloading libraries
2024-05-29 02:08:01,134:INFO:Set up data.
2024-05-29 02:08:01,134:INFO:Set up index.
2024-05-29 02:08:33,473:WARNING:
'cuml' is a soft dependency and not included in the pycaret installation. Please run: `pip install cuml` to install.
2024-05-29 02:08:33,473:WARNING:
'cuml' is a soft dependency and not included in the pycaret installation. Please run: `pip install cuml` to install.
2024-05-29 02:08:33,473:WARNING:
'cuml' is a soft dependency and not included in the pycaret installation. Please run: `pip install cuml` to install.
2024-05-29 02:08:33,473:WARNING:
'cuml' is a soft dependency and not included in the pycaret installation. Please run: `pip install cuml` to install.
2024-05-29 02:08:36,073:INFO:Initializing load_model()
2024-05-29 02:08:36,073:INFO:load_model(model_name=pycaret/my_best_pipeline, platform=None, authentication=None, verbose=True)
2024-05-29 02:08:47,560:WARNING:
'cuml' is a soft dependency and not included in the pycaret installation. Please run: `pip install cuml` to install.
2024-05-29 02:08:47,560:WARNING:
'cuml' is a soft dependency and not included in the pycaret installation. Please run: `pip install cuml` to install.
2024-05-29 02:08:47,560:WARNING:
'cuml' is a soft dependency and not included in the pycaret installation. Please run: `pip install cuml` to install.
2024-05-29 02:08:47,560:WARNING:
'cuml' is a soft dependency and not included in the pycaret installation. Please run: `pip install cuml` to install.
2024-05-29 02:08:49,908:INFO:Initializing load_model()
2024-05-29 02:08:49,908:INFO:load_model(model_name=pycaret/my_best_pipeline, platform=None, authentication=None, verbose=True)
2024-05-29 02:08:57,837:WARNING:
'cuml' is a soft dependency and not included in the pycaret installation. Please run: `pip install cuml` to install.
2024-05-29 02:08:57,837:WARNING:
'cuml' is a soft dependency and not included in the pycaret installation. Please run: `pip install cuml` to install.
2024-05-29 02:08:57,837:WARNING:
'cuml' is a soft dependency and not included in the pycaret installation. Please run: `pip install cuml` to install.
2024-05-29 02:08:57,837:WARNING:
'cuml' is a soft dependency and not included in the pycaret installation. Please run: `pip install cuml` to install.
2024-05-29 02:09:00,931:INFO:Initializing load_model()
2024-05-29 02:09:00,932:INFO:load_model(model_name=pycaret/my_best_pipeline, platform=None, authentication=None, verbose=True)
2024-05-29 02:09:02,741:INFO:Initializing predict_model()
2024-05-29 02:09:02,741:INFO:predict_model(self=<pycaret.classification.oop.ClassificationExperiment object at 0x0000024DA2C73DC0>, estimator=Pipeline(memory=Memory(location=None),
         steps=[('label_encoding',
                 TransformerWrapperWithInverse(transformer=LabelEncoder())),
                ('numerical_imputer',
                 TransformerWrapper(include=['Jsc', 'Voc', 'FF', 'Efficiency',
                                             'Sr', 'Sp', 'Temp'],
                                    transformer=SimpleImputer())),
                ('categorical_imputer',
                 TransformerWrapper(include=[],
                                    transformer=SimpleImputer(strategy='most_frequent'))),
                ('trained_model',
                 ExtraTreesClassifier(n_jobs=-1, random_state=123))]), probability_threshold=None, encoded_labels=False, raw_score=False, round=4, verbose=True, ml_usecase=None, preprocess=True, encode_labels=<function _SupervisedExperiment.predict_model.<locals>.encode_labels at 0x0000024DA2CB8700>)
2024-05-29 02:09:02,741:INFO:Checking exceptions
2024-05-29 02:09:02,741:INFO:Preloading libraries
2024-05-29 02:09:02,742:INFO:Set up data.
2024-05-29 02:09:02,751:INFO:Set up index.
2024-05-29 02:09:53,151:WARNING:
'cuml' is a soft dependency and not included in the pycaret installation. Please run: `pip install cuml` to install.
2024-05-29 02:09:53,151:WARNING:
'cuml' is a soft dependency and not included in the pycaret installation. Please run: `pip install cuml` to install.
2024-05-29 02:09:53,151:WARNING:
'cuml' is a soft dependency and not included in the pycaret installation. Please run: `pip install cuml` to install.
2024-05-29 02:09:53,151:WARNING:
'cuml' is a soft dependency and not included in the pycaret installation. Please run: `pip install cuml` to install.
2024-05-29 02:09:57,603:INFO:Initializing load_model()
2024-05-29 02:09:57,603:INFO:load_model(model_name=pycaret/my_best_pipeline, platform=None, authentication=None, verbose=True)
2024-05-29 12:26:01,473:WARNING:
'cuml' is a soft dependency and not included in the pycaret installation. Please run: `pip install cuml` to install.
2024-05-29 12:26:01,473:WARNING:
'cuml' is a soft dependency and not included in the pycaret installation. Please run: `pip install cuml` to install.
2024-05-29 12:26:01,473:WARNING:
'cuml' is a soft dependency and not included in the pycaret installation. Please run: `pip install cuml` to install.
2024-05-29 12:26:01,473:WARNING:
'cuml' is a soft dependency and not included in the pycaret installation. Please run: `pip install cuml` to install.
2024-05-29 12:26:05,062:INFO:Initializing load_model()
2024-05-29 12:26:05,062:INFO:load_model(model_name=pycaret/my_best_pipeline, platform=None, authentication=None, verbose=True)
2024-05-29 12:26:14,740:WARNING:
'cuml' is a soft dependency and not included in the pycaret installation. Please run: `pip install cuml` to install.
2024-05-29 12:26:14,740:WARNING:
'cuml' is a soft dependency and not included in the pycaret installation. Please run: `pip install cuml` to install.
2024-05-29 12:26:14,743:WARNING:
'cuml' is a soft dependency and not included in the pycaret installation. Please run: `pip install cuml` to install.
2024-05-29 12:26:14,743:WARNING:
'cuml' is a soft dependency and not included in the pycaret installation. Please run: `pip install cuml` to install.
2024-05-29 12:26:19,461:INFO:Initializing load_model()
2024-05-29 12:26:19,461:INFO:load_model(model_name=pycaret/my_best_pipeline, platform=None, authentication=None, verbose=True)
2024-05-29 12:35:40,213:WARNING:
'cuml' is a soft dependency and not included in the pycaret installation. Please run: `pip install cuml` to install.
2024-05-29 12:35:40,277:WARNING:
'cuml' is a soft dependency and not included in the pycaret installation. Please run: `pip install cuml` to install.
2024-05-29 12:35:40,277:WARNING:
'cuml' is a soft dependency and not included in the pycaret installation. Please run: `pip install cuml` to install.
2024-05-29 12:35:40,277:WARNING:
'cuml' is a soft dependency and not included in the pycaret installation. Please run: `pip install cuml` to install.
2024-05-29 12:35:43,396:INFO:Initializing load_model()
2024-05-29 12:35:43,396:INFO:load_model(model_name=pycaret/my_best_pipeline, platform=None, authentication=None, verbose=True)
2024-05-29 12:35:49,810:WARNING:
'cuml' is a soft dependency and not included in the pycaret installation. Please run: `pip install cuml` to install.
2024-05-29 12:35:49,810:WARNING:
'cuml' is a soft dependency and not included in the pycaret installation. Please run: `pip install cuml` to install.
2024-05-29 12:35:49,810:WARNING:
'cuml' is a soft dependency and not included in the pycaret installation. Please run: `pip install cuml` to install.
2024-05-29 12:35:49,810:WARNING:
'cuml' is a soft dependency and not included in the pycaret installation. Please run: `pip install cuml` to install.
2024-05-29 12:35:52,573:INFO:Initializing load_model()
2024-05-29 12:35:52,573:INFO:load_model(model_name=pycaret/my_best_pipeline, platform=None, authentication=None, verbose=True)
2024-05-29 12:36:58,061:INFO:Initializing predict_model()
2024-05-29 12:36:58,061:INFO:predict_model(self=<pycaret.classification.oop.ClassificationExperiment object at 0x0000019294AB1B40>, estimator=Pipeline(memory=Memory(location=None),
         steps=[('label_encoding',
                 TransformerWrapperWithInverse(transformer=LabelEncoder())),
                ('numerical_imputer',
                 TransformerWrapper(include=['Jsc', 'Voc', 'FF', 'Efficiency',
                                             'Sr', 'Sp', 'Temp'],
                                    transformer=SimpleImputer())),
                ('categorical_imputer',
                 TransformerWrapper(include=[],
                                    transformer=SimpleImputer(strategy='most_frequent'))),
                ('trained_model',
                 ExtraTreesClassifier(n_jobs=-1, random_state=123))]), probability_threshold=None, encoded_labels=False, raw_score=False, round=4, verbose=True, ml_usecase=None, preprocess=True, encode_labels=<function _SupervisedExperiment.predict_model.<locals>.encode_labels at 0x0000019294A80160>)
2024-05-29 12:36:58,061:INFO:Checking exceptions
2024-05-29 12:36:58,061:INFO:Preloading libraries
2024-05-29 12:36:58,069:INFO:Set up data.
2024-05-29 12:36:58,078:INFO:Set up index.
2024-05-29 12:39:04,708:INFO:Initializing predict_model()
2024-05-29 12:39:04,708:INFO:predict_model(self=<pycaret.classification.oop.ClassificationExperiment object at 0x0000019294BDEF50>, estimator=Pipeline(memory=Memory(location=None),
         steps=[('label_encoding',
                 TransformerWrapperWithInverse(transformer=LabelEncoder())),
                ('numerical_imputer',
                 TransformerWrapper(include=['Jsc', 'Voc', 'FF', 'Efficiency',
                                             'Sr', 'Sp', 'Temp'],
                                    transformer=SimpleImputer())),
                ('categorical_imputer',
                 TransformerWrapper(include=[],
                                    transformer=SimpleImputer(strategy='most_frequent'))),
                ('trained_model',
                 ExtraTreesClassifier(n_jobs=-1, random_state=123))]), probability_threshold=None, encoded_labels=False, raw_score=False, round=4, verbose=True, ml_usecase=None, preprocess=True, encode_labels=<function _SupervisedExperiment.predict_model.<locals>.encode_labels at 0x0000019294BE3640>)
2024-05-29 12:39:04,708:INFO:Checking exceptions
2024-05-29 12:39:04,708:INFO:Preloading libraries
2024-05-29 12:39:04,708:INFO:Set up data.
2024-05-29 12:39:04,717:INFO:Set up index.
2024-05-29 12:40:04,936:INFO:Initializing predict_model()
2024-05-29 12:40:04,936:INFO:predict_model(self=<pycaret.classification.oop.ClassificationExperiment object at 0x0000019294B75DE0>, estimator=Pipeline(memory=Memory(location=None),
         steps=[('label_encoding',
                 TransformerWrapperWithInverse(transformer=LabelEncoder())),
                ('numerical_imputer',
                 TransformerWrapper(include=['Jsc', 'Voc', 'FF', 'Efficiency',
                                             'Sr', 'Sp', 'Temp'],
                                    transformer=SimpleImputer())),
                ('categorical_imputer',
                 TransformerWrapper(include=[],
                                    transformer=SimpleImputer(strategy='most_frequent'))),
                ('trained_model',
                 ExtraTreesClassifier(n_jobs=-1, random_state=123))]), probability_threshold=None, encoded_labels=False, raw_score=False, round=4, verbose=True, ml_usecase=None, preprocess=True, encode_labels=<function _SupervisedExperiment.predict_model.<locals>.encode_labels at 0x0000019294BF1FC0>)
2024-05-29 12:40:04,936:INFO:Checking exceptions
2024-05-29 12:40:04,936:INFO:Preloading libraries
2024-05-29 12:40:04,940:INFO:Set up data.
2024-05-29 12:40:04,944:INFO:Set up index.
2024-05-29 13:57:40,327:WARNING:
'cuml' is a soft dependency and not included in the pycaret installation. Please run: `pip install cuml` to install.
2024-05-29 13:57:40,327:WARNING:
'cuml' is a soft dependency and not included in the pycaret installation. Please run: `pip install cuml` to install.
2024-05-29 13:57:40,327:WARNING:
'cuml' is a soft dependency and not included in the pycaret installation. Please run: `pip install cuml` to install.
2024-05-29 13:57:40,327:WARNING:
'cuml' is a soft dependency and not included in the pycaret installation. Please run: `pip install cuml` to install.
2024-05-29 13:57:42,826:INFO:Initializing load_model()
2024-05-29 13:57:42,826:INFO:load_model(model_name=my_best_pipeline_new, platform=None, authentication=None, verbose=True)
2024-05-29 13:58:14,591:WARNING:
'cuml' is a soft dependency and not included in the pycaret installation. Please run: `pip install cuml` to install.
2024-05-29 13:58:14,603:WARNING:
'cuml' is a soft dependency and not included in the pycaret installation. Please run: `pip install cuml` to install.
2024-05-29 13:58:14,603:WARNING:
'cuml' is a soft dependency and not included in the pycaret installation. Please run: `pip install cuml` to install.
2024-05-29 13:58:14,603:WARNING:
'cuml' is a soft dependency and not included in the pycaret installation. Please run: `pip install cuml` to install.
2024-05-29 13:58:16,729:INFO:Initializing load_model()
2024-05-29 13:58:16,729:INFO:load_model(model_name=pycaret/my_best_pipeline_new, platform=None, authentication=None, verbose=True)
2024-05-29 13:58:23,594:WARNING:
'cuml' is a soft dependency and not included in the pycaret installation. Please run: `pip install cuml` to install.
2024-05-29 13:58:23,595:WARNING:
'cuml' is a soft dependency and not included in the pycaret installation. Please run: `pip install cuml` to install.
2024-05-29 13:58:23,595:WARNING:
'cuml' is a soft dependency and not included in the pycaret installation. Please run: `pip install cuml` to install.
2024-05-29 13:58:23,595:WARNING:
'cuml' is a soft dependency and not included in the pycaret installation. Please run: `pip install cuml` to install.
2024-05-29 13:58:26,925:INFO:Initializing load_model()
2024-05-29 13:58:26,925:INFO:load_model(model_name=pycaret/my_best_pipeline_new, platform=None, authentication=None, verbose=True)
2024-05-29 13:59:42,219:INFO:Initializing predict_model()
2024-05-29 13:59:42,219:INFO:predict_model(self=<pycaret.classification.oop.ClassificationExperiment object at 0x000002718EF03910>, estimator=Pipeline(memory=Memory(location=None),
         steps=[('label_encoding',
                 TransformerWrapperWithInverse(transformer=LabelEncoder())),
                ('numerical_imputer',
                 TransformerWrapper(include=['Jsc', 'Voc', 'FF', 'Efficiency',
                                             'Sr', 'Sp', 'Temp'],
                                    transformer=SimpleImputer())),
                ('categorical_imputer',
                 TransformerWrapper(include=[],
                                    transformer=SimpleImputer(strategy='most_frequent'))),
                ('trained_model',
                 ExtraTreesClassifier(n_jobs=-1, random_state=123))]), probability_threshold=None, encoded_labels=False, raw_score=False, round=4, verbose=True, ml_usecase=None, preprocess=True, encode_labels=<function _SupervisedExperiment.predict_model.<locals>.encode_labels at 0x000002718DA776D0>)
2024-05-29 13:59:42,289:INFO:Checking exceptions
2024-05-29 13:59:42,289:INFO:Preloading libraries
2024-05-29 13:59:42,289:INFO:Set up data.
2024-05-29 13:59:42,291:INFO:Set up index.
2024-05-29 14:00:45,053:WARNING:
'cuml' is a soft dependency and not included in the pycaret installation. Please run: `pip install cuml` to install.
2024-05-29 14:00:45,053:WARNING:
'cuml' is a soft dependency and not included in the pycaret installation. Please run: `pip install cuml` to install.
2024-05-29 14:00:45,053:WARNING:
'cuml' is a soft dependency and not included in the pycaret installation. Please run: `pip install cuml` to install.
2024-05-29 14:00:45,053:WARNING:
'cuml' is a soft dependency and not included in the pycaret installation. Please run: `pip install cuml` to install.
2024-05-29 14:00:47,416:INFO:Initializing load_model()
2024-05-29 14:00:47,416:INFO:load_model(model_name=pycaret/my_best_pipeline_new, platform=None, authentication=None, verbose=True)
2024-05-29 14:01:53,886:WARNING:
'cuml' is a soft dependency and not included in the pycaret installation. Please run: `pip install cuml` to install.
2024-05-29 14:01:53,886:WARNING:
'cuml' is a soft dependency and not included in the pycaret installation. Please run: `pip install cuml` to install.
2024-05-29 14:01:53,886:WARNING:
'cuml' is a soft dependency and not included in the pycaret installation. Please run: `pip install cuml` to install.
2024-05-29 14:01:53,886:WARNING:
'cuml' is a soft dependency and not included in the pycaret installation. Please run: `pip install cuml` to install.
2024-05-29 14:01:56,487:INFO:Initializing load_model()
2024-05-29 14:01:56,487:INFO:load_model(model_name=pycaret/my_best_pipeline_new, platform=None, authentication=None, verbose=True)
2024-05-29 14:02:28,469:WARNING:
'cuml' is a soft dependency and not included in the pycaret installation. Please run: `pip install cuml` to install.
2024-05-29 14:02:28,471:WARNING:
'cuml' is a soft dependency and not included in the pycaret installation. Please run: `pip install cuml` to install.
2024-05-29 14:02:28,471:WARNING:
'cuml' is a soft dependency and not included in the pycaret installation. Please run: `pip install cuml` to install.
2024-05-29 14:02:28,472:WARNING:
'cuml' is a soft dependency and not included in the pycaret installation. Please run: `pip install cuml` to install.
2024-05-29 14:02:30,721:INFO:Initializing load_model()
2024-05-29 14:02:30,721:INFO:load_model(model_name=pycaret/my_best_pipeline_new, platform=None, authentication=None, verbose=True)
2024-05-29 15:47:43,814:WARNING:
'cuml' is a soft dependency and not included in the pycaret installation. Please run: `pip install cuml` to install.
2024-05-29 15:47:43,822:WARNING:
'cuml' is a soft dependency and not included in the pycaret installation. Please run: `pip install cuml` to install.
2024-05-29 15:47:43,822:WARNING:
'cuml' is a soft dependency and not included in the pycaret installation. Please run: `pip install cuml` to install.
2024-05-29 15:47:43,822:WARNING:
'cuml' is a soft dependency and not included in the pycaret installation. Please run: `pip install cuml` to install.
2024-05-29 15:47:54,359:INFO:Initializing load_model()
2024-05-29 15:47:54,359:INFO:load_model(model_name=pycaret/my_best_pipeline_new, platform=None, authentication=None, verbose=True)
2024-05-29 15:48:14,285:WARNING:
'cuml' is a soft dependency and not included in the pycaret installation. Please run: `pip install cuml` to install.
2024-05-29 15:48:14,285:WARNING:
'cuml' is a soft dependency and not included in the pycaret installation. Please run: `pip install cuml` to install.
2024-05-29 15:48:14,285:WARNING:
'cuml' is a soft dependency and not included in the pycaret installation. Please run: `pip install cuml` to install.
2024-05-29 15:48:14,285:WARNING:
'cuml' is a soft dependency and not included in the pycaret installation. Please run: `pip install cuml` to install.
2024-05-29 15:48:21,744:INFO:Initializing load_model()
2024-05-29 15:48:21,744:INFO:load_model(model_name=pycaret/my_best_pipeline_new, platform=None, authentication=None, verbose=True)
2024-05-29 16:08:29,329:INFO:Initializing predict_model()
2024-05-29 16:08:29,314:INFO:Initializing predict_model()
2024-05-29 16:08:29,341:INFO:Initializing predict_model()
2024-05-29 16:08:29,341:INFO:predict_model(self=<pycaret.classification.oop.ClassificationExperiment object at 0x00000220B2F4D750>, estimator=Pipeline(memory=Memory(location=None),
         steps=[('label_encoding',
                 TransformerWrapperWithInverse(transformer=LabelEncoder())),
                ('numerical_imputer',
                 TransformerWrapper(include=['Jsc', 'Voc', 'FF', 'Efficiency',
                                             'Sr', 'Sp', 'Temp'],
                                    transformer=SimpleImputer())),
                ('categorical_imputer',
                 TransformerWrapper(include=[],
                                    transformer=SimpleImputer(strategy='most_frequent'))),
                ('trained_model',
                 ExtraTreesClassifier(n_jobs=-1, random_state=123))]), probability_threshold=None, encoded_labels=False, raw_score=False, round=4, verbose=True, ml_usecase=None, preprocess=True, encode_labels=<function _SupervisedExperiment.predict_model.<locals>.encode_labels at 0x00000220B2F83250>)
2024-05-29 16:08:29,341:INFO:predict_model(self=<pycaret.classification.oop.ClassificationExperiment object at 0x00000220B2F4D5A0>, estimator=Pipeline(memory=Memory(location=None),
         steps=[('label_encoding',
                 TransformerWrapperWithInverse(transformer=LabelEncoder())),
                ('numerical_imputer',
                 TransformerWrapper(include=['Jsc', 'Voc', 'FF', 'Efficiency',
                                             'Sr', 'Sp', 'Temp'],
                                    transformer=SimpleImputer())),
                ('categorical_imputer',
                 TransformerWrapper(include=[],
                                    transformer=SimpleImputer(strategy='most_frequent'))),
                ('trained_model',
                 ExtraTreesClassifier(n_jobs=-1, random_state=123))]), probability_threshold=None, encoded_labels=False, raw_score=False, round=4, verbose=True, ml_usecase=None, preprocess=True, encode_labels=<function _SupervisedExperiment.predict_model.<locals>.encode_labels at 0x00000220B2F82440>)
2024-05-29 16:08:29,341:INFO:predict_model(self=<pycaret.classification.oop.ClassificationExperiment object at 0x00000220B2F4D7B0>, estimator=Pipeline(memory=Memory(location=None),
         steps=[('label_encoding',
                 TransformerWrapperWithInverse(transformer=LabelEncoder())),
                ('numerical_imputer',
                 TransformerWrapper(include=['Jsc', 'Voc', 'FF', 'Efficiency',
                                             'Sr', 'Sp', 'Temp'],
                                    transformer=SimpleImputer())),
                ('categorical_imputer',
                 TransformerWrapper(include=[],
                                    transformer=SimpleImputer(strategy='most_frequent'))),
                ('trained_model',
                 ExtraTreesClassifier(n_jobs=-1, random_state=123))]), probability_threshold=None, encoded_labels=False, raw_score=False, round=4, verbose=True, ml_usecase=None, preprocess=True, encode_labels=<function _SupervisedExperiment.predict_model.<locals>.encode_labels at 0x00000220B2F83130>)
2024-05-29 16:08:29,341:INFO:Checking exceptions
2024-05-29 16:08:29,341:INFO:Checking exceptions
2024-05-29 16:08:29,341:INFO:Checking exceptions
2024-05-29 16:08:29,341:INFO:Preloading libraries
2024-05-29 16:08:29,341:INFO:Preloading libraries
2024-05-29 16:08:29,341:INFO:Preloading libraries
2024-05-29 16:08:29,393:INFO:Set up data.
2024-05-29 16:08:29,393:INFO:Set up data.
2024-05-29 16:08:29,393:INFO:Set up data.
2024-05-29 16:08:29,511:INFO:Set up index.
2024-05-29 16:08:29,526:INFO:Set up index.
2024-05-29 16:08:29,559:INFO:Set up index.
2024-05-29 16:13:16,301:INFO:Initializing predict_model()
2024-05-29 16:13:16,301:INFO:predict_model(self=<pycaret.classification.oop.ClassificationExperiment object at 0x00000220B1AB8130>, estimator=Pipeline(memory=Memory(location=None),
         steps=[('label_encoding',
                 TransformerWrapperWithInverse(transformer=LabelEncoder())),
                ('numerical_imputer',
                 TransformerWrapper(include=['Jsc', 'Voc', 'FF', 'Efficiency',
                                             'Sr', 'Sp', 'Temp'],
                                    transformer=SimpleImputer())),
                ('categorical_imputer',
                 TransformerWrapper(include=[],
                                    transformer=SimpleImputer(strategy='most_frequent'))),
                ('trained_model',
                 ExtraTreesClassifier(n_jobs=-1, random_state=123))]), probability_threshold=None, encoded_labels=False, raw_score=False, round=4, verbose=True, ml_usecase=None, preprocess=True, encode_labels=<function _SupervisedExperiment.predict_model.<locals>.encode_labels at 0x00000220B4107C70>)
2024-05-29 16:13:16,303:INFO:Checking exceptions
2024-05-29 16:13:16,303:INFO:Preloading libraries
2024-05-29 16:13:16,306:INFO:Set up data.
2024-05-29 16:13:16,318:INFO:Set up index.
2024-05-29 16:57:36,461:WARNING:
'cuml' is a soft dependency and not included in the pycaret installation. Please run: `pip install cuml` to install.
2024-05-29 16:57:36,461:WARNING:
'cuml' is a soft dependency and not included in the pycaret installation. Please run: `pip install cuml` to install.
2024-05-29 16:57:36,461:WARNING:
'cuml' is a soft dependency and not included in the pycaret installation. Please run: `pip install cuml` to install.
2024-05-29 16:57:36,461:WARNING:
'cuml' is a soft dependency and not included in the pycaret installation. Please run: `pip install cuml` to install.
2024-05-29 16:57:41,185:INFO:Initializing load_model()
2024-05-29 16:57:41,186:INFO:load_model(model_name=pycaret/my_best_pipeline_new, platform=None, authentication=None, verbose=True)
2024-05-29 22:02:03,076:WARNING:
'cuml' is a soft dependency and not included in the pycaret installation. Please run: `pip install cuml` to install.
2024-05-29 22:02:03,076:WARNING:
'cuml' is a soft dependency and not included in the pycaret installation. Please run: `pip install cuml` to install.
2024-05-29 22:02:03,076:WARNING:
'cuml' is a soft dependency and not included in the pycaret installation. Please run: `pip install cuml` to install.
2024-05-29 22:02:03,076:WARNING:
'cuml' is a soft dependency and not included in the pycaret installation. Please run: `pip install cuml` to install.
2024-05-29 22:02:04,846:INFO:Initializing load_model()
2024-05-29 22:02:04,846:INFO:load_model(model_name=pycaret/my_best_pipeline_train, platform=None, authentication=None, verbose=True)
2024-05-29 22:02:09,032:WARNING:
'cuml' is a soft dependency and not included in the pycaret installation. Please run: `pip install cuml` to install.
2024-05-29 22:02:09,032:WARNING:
'cuml' is a soft dependency and not included in the pycaret installation. Please run: `pip install cuml` to install.
2024-05-29 22:02:09,032:WARNING:
'cuml' is a soft dependency and not included in the pycaret installation. Please run: `pip install cuml` to install.
2024-05-29 22:02:09,032:WARNING:
'cuml' is a soft dependency and not included in the pycaret installation. Please run: `pip install cuml` to install.
2024-05-29 22:02:10,581:INFO:Initializing load_model()
2024-05-29 22:02:10,581:INFO:load_model(model_name=pycaret/my_best_pipeline_train, platform=None, authentication=None, verbose=True)
2024-05-29 22:02:16,121:INFO:Initializing predict_model()
2024-05-29 22:02:16,121:INFO:predict_model(self=<pycaret.classification.oop.ClassificationExperiment object at 0x000001D1D1D7F610>, estimator=Pipeline(memory=Memory(location=None),
         steps=[('label_encoding',
                 TransformerWrapperWithInverse(transformer=LabelEncoder())),
                ('numerical_imputer',
                 TransformerWrapper(include=['Jsc', 'Voc', 'FF', 'Efficiency',
                                             'Sr', 'Sp', 'Temp'],
                                    transformer=SimpleImputer())),
                ('categorical_imputer',
                 TransformerWrapper(include=[],
                                    transformer=SimpleImputer(strategy='most_frequent'))),
                ('trained_model',
                 <catboost.core.CatBoostClassifier object at 0x000001D1D03F6E90>)]), probability_threshold=None, encoded_labels=False, raw_score=False, round=4, verbose=True, ml_usecase=None, preprocess=True, encode_labels=<function _SupervisedExperiment.predict_model.<locals>.encode_labels at 0x000001D1D1D82950>)
2024-05-29 22:02:16,121:INFO:Checking exceptions
2024-05-29 22:02:16,121:INFO:Preloading libraries
2024-05-29 22:02:16,131:INFO:Set up data.
2024-05-29 22:02:16,145:INFO:Set up index.
2024-05-29 23:48:56,448:WARNING:
'cuml' is a soft dependency and not included in the pycaret installation. Please run: `pip install cuml` to install.
2024-05-29 23:48:56,448:WARNING:
'cuml' is a soft dependency and not included in the pycaret installation. Please run: `pip install cuml` to install.
2024-05-29 23:48:56,448:WARNING:
'cuml' is a soft dependency and not included in the pycaret installation. Please run: `pip install cuml` to install.
2024-05-29 23:48:56,448:WARNING:
'cuml' is a soft dependency and not included in the pycaret installation. Please run: `pip install cuml` to install.
2024-05-29 23:49:00,010:INFO:Initializing load_model()
2024-05-29 23:49:00,010:INFO:load_model(model_name=pycaret/my_best_pipeline_train, platform=None, authentication=None, verbose=True)
2024-05-30 00:54:06,404:WARNING:
'cuml' is a soft dependency and not included in the pycaret installation. Please run: `pip install cuml` to install.
2024-05-30 00:54:06,404:WARNING:
'cuml' is a soft dependency and not included in the pycaret installation. Please run: `pip install cuml` to install.
2024-05-30 00:54:06,404:WARNING:
'cuml' is a soft dependency and not included in the pycaret installation. Please run: `pip install cuml` to install.
2024-05-30 00:54:06,404:WARNING:
'cuml' is a soft dependency and not included in the pycaret installation. Please run: `pip install cuml` to install.
2024-05-30 00:54:10,534:INFO:Initializing load_model()
2024-05-30 00:54:10,535:INFO:load_model(model_name=pycaret/my_best_pipeline_train, platform=None, authentication=None, verbose=True)
2024-05-30 00:54:49,580:WARNING:
'cuml' is a soft dependency and not included in the pycaret installation. Please run: `pip install cuml` to install.
2024-05-30 00:54:49,580:WARNING:
'cuml' is a soft dependency and not included in the pycaret installation. Please run: `pip install cuml` to install.
2024-05-30 00:54:49,580:WARNING:
'cuml' is a soft dependency and not included in the pycaret installation. Please run: `pip install cuml` to install.
2024-05-30 00:54:49,580:WARNING:
'cuml' is a soft dependency and not included in the pycaret installation. Please run: `pip install cuml` to install.
2024-05-30 00:54:51,800:INFO:Initializing load_model()
2024-05-30 00:54:51,800:INFO:load_model(model_name=pycaret/my_best_pipeline_train, platform=None, authentication=None, verbose=True)
